<?xml version="1.0" encoding="UTF-8"?>
<testsuites name="inputReza_feature_sp3" time="26.221" tests="2" failures="0" errors="1">
   <testsuite name="inputReza_feature_sp3" tests="2" failures="0" errors="1" time="26.221" timestamp="2021-01-11 15:04:29" hostname="Eldo - LAPTOP-JS0M5C55" id="Test Suites/ONEID/inputReza_feature_sp3">
      <properties>
         <property name="deviceName" value=""/>
         <property name="devicePlatform" value=""/>
         <property name="logFolder" value="C:\\Users\\Eldo\\git\\ticketClodeo\\Reports\\20210111_150422\\ONEID\\inputReza_feature_sp3\\20210111_150422"/>
         <property name="logFiles" value="C:\\Users\\Eldo\\git\\ticketClodeo\\Reports\\20210111_150422\\ONEID\\inputReza_feature_sp3\\20210111_150422\\execution0.log"/>
         <property name="attachments" value=""/>
         <property name="hostName" value="Eldo - LAPTOP-JS0M5C55"/>
         <property name="os" value="Windows 10 64bit"/>
         <property name="katalonVersion" value="7.7.2.205"/>
         <property name="browser" value="Chrome 87.0.4280.141"/>
         <property name="hostAddress" value="192.168.138.2"/>
         <property name="sessionId" value="224f6f84496a43aedf2ce198c5796ef5"/>
         <property name="seleniumVersion" value="3.141.59"/>
         <property name="proxyInformation" value="ProxyInformation { proxyOption=NO_PROXY, proxyServerType=HTTP, username=, password=********, proxyServerAddress=, proxyServerPort=0, executionList=&quot;&quot;, isApplyToDesiredCapabilities=true }"/>
         <property name="platform" value="Windows 10"/>
      </properties>
      <testcase name="Test Cases/login_testcase/login" time="12.495" classname="Test Cases/login_testcase/login" status="PASSED">
         <system-out><![CDATA[2021-01-11 15:04:29 - [TEST_CASE][PASSED] - Test Cases/login_testcase/login: Test Cases/login_testcase/login

2021-01-11 15:04:29 - [TEST_STEP][PASSED] - openBrowser(url): Browser is opened with url: 'https://internal-redmine.clodeo.id/login'

2021-01-11 15:04:29 - [MESSAGE][INFO] - Starting 'Chrome' driver

2021-01-11 15:04:29 - [MESSAGE][INFO] - Action delay is set to 0 milliseconds

2021-01-11 15:04:36 - [MESSAGE][PASSED] - Browser is opened with url: 'https://internal-redmine.clodeo.id/login'

2021-01-11 15:04:36 - [TEST_STEP][PASSED] - verifyElementPresent(findTestObject("login_page/login_container"), 5): Object 'Object Repository/login_page/login_container' is present

2021-01-11 15:04:36 - [MESSAGE][PASSED] - Object 'Object Repository/login_page/login_container' is present

2021-01-11 15:04:36 - [TEST_STEP][PASSED] - setText(findTestObject("login_page/username_field"), username): Text 'eldofadliadi' is set on object 'Object Repository/login_page/username_field'

2021-01-11 15:04:37 - [MESSAGE][PASSED] - Text 'eldofadliadi' is set on object 'Object Repository/login_page/username_field'

2021-01-11 15:04:37 - [TEST_STEP][PASSED] - setText(findTestObject("login_page/pass_field"), password): Text 'eldo12345' is set on object 'Object Repository/login_page/pass_field'

2021-01-11 15:04:38 - [MESSAGE][PASSED] - Text 'eldo12345' is set on object 'Object Repository/login_page/pass_field'

2021-01-11 15:04:38 - [TEST_STEP][PASSED] - click(findTestObject("login_page/submit_login")): Object: 'Object Repository/login_page/submit_login' is clicked on

2021-01-11 15:04:40 - [MESSAGE][PASSED] - Object: 'Object Repository/login_page/submit_login' is clicked on

2021-01-11 15:04:40 - [TEST_STEP][PASSED] - verifyElementNotPresent(findTestObject("login_page/flash_error"), 5): Web element with id: 'Object Repository/login_page/flash_error' located by 'By.xpath: //div[@id='flash_error']' is not present after '5' second(s)

2021-01-11 15:04:41 - [MESSAGE][PASSED] - Web element with id: 'Object Repository/login_page/flash_error' located by 'By.xpath: //div[@id='flash_error']' is not present after '5' second(s)

2021-01-11 15:04:41 - [TEST_STEP][PASSED] - waitForElementPresent(findTestObject("home_page/wrapper_home"), 5): Object 'Object Repository/home_page/wrapper_home' is present

2021-01-11 15:04:41 - [MESSAGE][PASSED] - Object 'Object Repository/home_page/wrapper_home' is present]]></system-out>
         <system-err><![CDATA[]]></system-err>
      </testcase>
      <testcase name="Test Cases/OneID/rezha/feature_sp3" time="12.709" classname="Test Cases/OneID/rezha/feature_sp3" status="ERROR">
         <error type="ERROR" message="Test Cases/OneID/rezha/feature_sp3 FAILED.
Reason:
groovy.lang.MissingPropertyException: No such property: estimatedtime for class: Script1610349511379
	at feature_sp3.run(feature_sp3:43)
	at com.kms.katalon.core.main.ScriptEngine.run(ScriptEngine.java:194)
	at com.kms.katalon.core.main.ScriptEngine.runScriptAsRawText(ScriptEngine.java:119)
	at com.kms.katalon.core.main.TestCaseExecutor.runScript(TestCaseExecutor.java:339)
	at com.kms.katalon.core.main.TestCaseExecutor.doExecute(TestCaseExecutor.java:330)
	at com.kms.katalon.core.main.TestCaseExecutor.processExecutionPhase(TestCaseExecutor.java:309)
	at com.kms.katalon.core.main.TestCaseExecutor.accessMainPhase(TestCaseExecutor.java:301)
	at com.kms.katalon.core.main.TestCaseExecutor.execute(TestCaseExecutor.java:235)
	at com.kms.katalon.core.main.TestSuiteExecutor.accessTestCaseMainPhase(TestSuiteExecutor.java:191)
	at com.kms.katalon.core.main.TestSuiteExecutor.accessTestSuiteMainPhase(TestSuiteExecutor.java:141)
	at com.kms.katalon.core.main.TestSuiteExecutor.execute(TestSuiteExecutor.java:90)
	at com.kms.katalon.core.main.TestCaseMain.startTestSuite(TestCaseMain.java:157)
	at com.kms.katalon.core.main.TestCaseMain$startTestSuite$0.call(Unknown Source)
	at TempTestSuite1610352262898.run(TempTestSuite1610352262898.groovy:39)
"/>
         <system-out><![CDATA[2021-01-11 15:04:41 - [TEST_CASE][ERROR] - Test Cases/OneID/rezha/feature_sp3: Test Cases/OneID/rezha/feature_sp3 FAILED.
Reason:
groovy.lang.MissingPropertyException: No such property: estimatedtime for class: Script1610349511379
	at feature_sp3.run(feature_sp3:43)
	at com.kms.katalon.core.main.ScriptEngine.run(ScriptEngine.java:194)
	at com.kms.katalon.core.main.ScriptEngine.runScriptAsRawText(ScriptEngine.java:119)
	at com.kms.katalon.core.main.TestCaseExecutor.runScript(TestCaseExecutor.java:339)
	at com.kms.katalon.core.main.TestCaseExecutor.doExecute(TestCaseExecutor.java:330)
	at com.kms.katalon.core.main.TestCaseExecutor.processExecutionPhase(TestCaseExecutor.java:309)
	at com.kms.katalon.core.main.TestCaseExecutor.accessMainPhase(TestCaseExecutor.java:301)
	at com.kms.katalon.core.main.TestCaseExecutor.execute(TestCaseExecutor.java:235)
	at com.kms.katalon.core.main.TestSuiteExecutor.accessTestCaseMainPhase(TestSuiteExecutor.java:191)
	at com.kms.katalon.core.main.TestSuiteExecutor.accessTestSuiteMainPhase(TestSuiteExecutor.java:141)
	at com.kms.katalon.core.main.TestSuiteExecutor.execute(TestSuiteExecutor.java:90)
	at com.kms.katalon.core.main.TestCaseMain.startTestSuite(TestCaseMain.java:157)
	at com.kms.katalon.core.main.TestCaseMain$startTestSuite$0.call(Unknown Source)
	at TempTestSuite1610352262898.run(TempTestSuite1610352262898.groovy:39)


2021-01-11 15:04:41 - [TEST_STEP][NOT_RUN] - callTestCase(findTestCase("login_testcase/login"), [:], STOP_ON_FAILURE): NOT_RUN: callTestCase(findTestCase("login_testcase/login"), [:], STOP_ON_FAILURE)

2021-01-11 15:04:41 - [MESSAGE][NOT_RUN] - NOT_RUN: callTestCase(findTestCase("login_testcase/login"), [:], STOP_ON_FAILURE)

2021-01-11 15:04:41 - [TEST_STEP][PASSED] - setText(findTestObject("home_page/search_field"), backlog, CONTINUE_ON_FAILURE): Text '4537' is set on object 'Object Repository/home_page/search_field'

2021-01-11 15:04:42 - [MESSAGE][PASSED] - Text '4537' is set on object 'Object Repository/home_page/search_field'

2021-01-11 15:04:42 - [TEST_STEP][PASSED] - submit(findTestObject("home_page/search_field"), CONTINUE_ON_FAILURE): The form containing object: 'Object Repository/home_page/search_field' is submitted

2021-01-11 15:04:45 - [MESSAGE][PASSED] - The form containing object: 'Object Repository/home_page/search_field' is submitted

2021-01-11 15:04:45 - [TEST_STEP][PASSED] - verifyElementPresent(findTestObject("issue_page/add_subtask"), 3, CONTINUE_ON_FAILURE): Object 'Object Repository/issue_page/add_subtask' is present

2021-01-11 15:04:45 - [MESSAGE][PASSED] - Object 'Object Repository/issue_page/add_subtask' is present

2021-01-11 15:04:45 - [TEST_STEP][PASSED] - click(findTestObject("issue_page/add_subtask"), CONTINUE_ON_FAILURE): Object: 'Object Repository/issue_page/add_subtask' is clicked on

2021-01-11 15:04:47 - [MESSAGE][PASSED] - Object: 'Object Repository/issue_page/add_subtask' is clicked on

2021-01-11 15:04:47 - [TEST_STEP][PASSED] - waitForElementPresent(findTestObject("issue_page/wrapper_issue"), 3, CONTINUE_ON_FAILURE): Object 'Object Repository/issue_page/wrapper_issue' is present

2021-01-11 15:04:47 - [MESSAGE][PASSED] - Object 'Object Repository/issue_page/wrapper_issue' is present

2021-01-11 15:04:47 - [TEST_STEP][PASSED] - click(findTestObject("issue_page/tracker/feature_tracker"), CONTINUE_ON_FAILURE): Object: 'Object Repository/issue_page/tracker/feature_tracker' is clicked on

2021-01-11 15:04:48 - [MESSAGE][PASSED] - Object: 'Object Repository/issue_page/tracker/feature_tracker' is clicked on

2021-01-11 15:04:48 - [TEST_STEP][PASSED] - delay(5, CONTINUE_ON_FAILURE): Delayed 5 second(s)

2021-01-11 15:04:53 - [MESSAGE][PASSED] - Delayed 5 second(s)

2021-01-11 15:04:53 - [TEST_STEP][PASSED] - setText(findTestObject("issue_page/subject_issue"), subject, CONTINUE_ON_FAILURE): Text 'Add One ID Generator' is set on object 'Object Repository/issue_page/subject_issue'

2021-01-11 15:04:53 - [MESSAGE][PASSED] - Text 'Add One ID Generator' is set on object 'Object Repository/issue_page/subject_issue'

2021-01-11 15:04:53 - [TEST_STEP][NOT_RUN] - setText(findTestObject("issue_page/description_issue"), description, CONTINUE_ON_FAILURE): NOT_RUN: setText(findTestObject("issue_page/description_issue"), description, CONTINUE_ON_FAILURE)

2021-01-11 15:04:53 - [MESSAGE][NOT_RUN] - NOT_RUN: setText(findTestObject("issue_page/description_issue"), description, CONTINUE_ON_FAILURE)

2021-01-11 15:04:53 - [TEST_STEP][PASSED] - click(findTestObject("issue_page/assigne/reza"), CONTINUE_ON_FAILURE): Object: 'Object Repository/issue_page/assigne/reza' is clicked on

2021-01-11 15:04:54 - [MESSAGE][PASSED] - Object: 'Object Repository/issue_page/assigne/reza' is clicked on

2021-01-11 15:04:54 - [TEST_STEP][PASSED] - click(findTestObject("issue_page/targetversion/oneID"), CONTINUE_ON_FAILURE): Object: 'Object Repository/issue_page/targetversion/oneID' is clicked on

2021-01-11 15:04:54 - [MESSAGE][PASSED] - Object: 'Object Repository/issue_page/targetversion/oneID' is clicked on

2021-01-11 15:04:54 - [TEST_STEP][PASSED] - setText(findTestObject("issue_page/estimated_time"), estimatedtime, CONTINUE_ON_FAILURE): null]]></system-out>
         <system-err><![CDATA[2021-01-11 15:04:41 - [TEST_CASE][ERROR] - Test Cases/OneID/rezha/feature_sp3: Test Cases/OneID/rezha/feature_sp3 FAILED.
Reason:
groovy.lang.MissingPropertyException: No such property: estimatedtime for class: Script1610349511379
	at feature_sp3.run(feature_sp3:43)
	at com.kms.katalon.core.main.ScriptEngine.run(ScriptEngine.java:194)
	at com.kms.katalon.core.main.ScriptEngine.runScriptAsRawText(ScriptEngine.java:119)
	at com.kms.katalon.core.main.TestCaseExecutor.runScript(TestCaseExecutor.java:339)
	at com.kms.katalon.core.main.TestCaseExecutor.doExecute(TestCaseExecutor.java:330)
	at com.kms.katalon.core.main.TestCaseExecutor.processExecutionPhase(TestCaseExecutor.java:309)
	at com.kms.katalon.core.main.TestCaseExecutor.accessMainPhase(TestCaseExecutor.java:301)
	at com.kms.katalon.core.main.TestCaseExecutor.execute(TestCaseExecutor.java:235)
	at com.kms.katalon.core.main.TestSuiteExecutor.accessTestCaseMainPhase(TestSuiteExecutor.java:191)
	at com.kms.katalon.core.main.TestSuiteExecutor.accessTestSuiteMainPhase(TestSuiteExecutor.java:141)
	at com.kms.katalon.core.main.TestSuiteExecutor.execute(TestSuiteExecutor.java:90)
	at com.kms.katalon.core.main.TestCaseMain.startTestSuite(TestCaseMain.java:157)
	at com.kms.katalon.core.main.TestCaseMain$startTestSuite$0.call(Unknown Source)
	at TempTestSuite1610352262898.run(TempTestSuite1610352262898.groovy:39)]]></system-err>
      </testcase>
      <system-out><![CDATA[2021-01-11 15:04:29 - [TEST_SUITE][ERROR] - inputReza_feature_sp3: Test Cases/OneID/rezha/feature_sp3 FAILED.
Reason:
groovy.lang.MissingPropertyException: No such property: estimatedtime for class: Script1610349511379
	at feature_sp3.run(feature_sp3:43)
	at com.kms.katalon.core.main.ScriptEngine.run(ScriptEngine.java:194)
	at com.kms.katalon.core.main.ScriptEngine.runScriptAsRawText(ScriptEngine.java:119)
	at com.kms.katalon.core.main.TestCaseExecutor.runScript(TestCaseExecutor.java:339)
	at com.kms.katalon.core.main.TestCaseExecutor.doExecute(TestCaseExecutor.java:330)
	at com.kms.katalon.core.main.TestCaseExecutor.processExecutionPhase(TestCaseExecutor.java:309)
	at com.kms.katalon.core.main.TestCaseExecutor.accessMainPhase(TestCaseExecutor.java:301)
	at com.kms.katalon.core.main.TestCaseExecutor.execute(TestCaseExecutor.java:235)
	at com.kms.katalon.core.main.TestSuiteExecutor.accessTestCaseMainPhase(TestSuiteExecutor.java:191)
	at com.kms.katalon.core.main.TestSuiteExecutor.accessTestSuiteMainPhase(TestSuiteExecutor.java:141)
	at com.kms.katalon.core.main.TestSuiteExecutor.execute(TestSuiteExecutor.java:90)
	at com.kms.katalon.core.main.TestCaseMain.startTestSuite(TestCaseMain.java:157)
	at com.kms.katalon.core.main.TestCaseMain$startTestSuite$0.call(Unknown Source)
	at TempTestSuite1610352262898.run(TempTestSuite1610352262898.groovy:39)]]></system-out>
      <system-err><![CDATA[2021-01-11 15:04:29 - [TEST_SUITE][ERROR] - inputReza_feature_sp3: Test Cases/OneID/rezha/feature_sp3 FAILED.
Reason:
groovy.lang.MissingPropertyException: No such property: estimatedtime for class: Script1610349511379
	at feature_sp3.run(feature_sp3:43)
	at com.kms.katalon.core.main.ScriptEngine.run(ScriptEngine.java:194)
	at com.kms.katalon.core.main.ScriptEngine.runScriptAsRawText(ScriptEngine.java:119)
	at com.kms.katalon.core.main.TestCaseExecutor.runScript(TestCaseExecutor.java:339)
	at com.kms.katalon.core.main.TestCaseExecutor.doExecute(TestCaseExecutor.java:330)
	at com.kms.katalon.core.main.TestCaseExecutor.processExecutionPhase(TestCaseExecutor.java:309)
	at com.kms.katalon.core.main.TestCaseExecutor.accessMainPhase(TestCaseExecutor.java:301)
	at com.kms.katalon.core.main.TestCaseExecutor.execute(TestCaseExecutor.java:235)
	at com.kms.katalon.core.main.TestSuiteExecutor.accessTestCaseMainPhase(TestSuiteExecutor.java:191)
	at com.kms.katalon.core.main.TestSuiteExecutor.accessTestSuiteMainPhase(TestSuiteExecutor.java:141)
	at com.kms.katalon.core.main.TestSuiteExecutor.execute(TestSuiteExecutor.java:90)
	at com.kms.katalon.core.main.TestCaseMain.startTestSuite(TestCaseMain.java:157)
	at com.kms.katalon.core.main.TestCaseMain$startTestSuite$0.call(Unknown Source)
	at TempTestSuite1610352262898.run(TempTestSuite1610352262898.groovy:39)]]></system-err>
   </testsuite>
</testsuites>
